<?xml version="1.0" encoding="UTF-8"?>
<testsuite name="LibraryTest" tests="1" skipped="0" failures="0" errors="0" timestamp="2018-06-28T00:16:26" hostname="Ramyas-MBP" time="0.058">
  <properties/>
  <testcase name="someLibraryMethod returns true" classname="LibraryTest" time="0.058"/>
  <system-out><![CDATA[]]></system-out>
  <system-err><![CDATA[]]></system-err>
</testsuite>
